# JRE version: OpenJDK Runtime Environment Temurin-21.0.9+10 (21.0.9+10) (build 21.0.9+10-LTS)
# Java VM: OpenJDK 64-Bit Server VM Temurin-21.0.9+10 (21.0.9+10-LTS, mixed mode, emulated-client, sharing, tiered, compressed oops, compressed class ptrs, g1 gc, windows-amd64)
GC Precious Log:
 CardTable entry size: 512
 Card Set container configuration: InlinePtr #cards 4 size 8 Array Of Cards #cards 16 size 48 Howl #buckets 8 coarsen threshold 3686 Howl Bitmap #cards 512 size 80 coarsen threshold 460 Card regions per heap region 1 cards per card region 4096
 CPUs: 12 total, 12 available
 Memory: 15693M
 Large Page Support: Disabled
 NUMA Support: Disabled
 Compressed Oops: Enabled (Zero based)
 Heap Region Size: 2M
 Heap Min Capacity: 8M
 Heap Initial Capacity: 246M
 Heap Max Capacity: 3924M
 Pre-touch: Disabled
 Parallel Workers: 10
 Concurrent Workers: 3
 Concurrent Refinement Workers: 10
 Periodic GC: Disabled
Heap:
 garbage-first heap   total 141312K, used 87682K [0x000000070ac00000, 0x0000000800000000)
  region size 2048K, 18 young (36864K), 4 survivors (8192K)
 Metaspace       used 94649K, committed 95680K, reserved 1179648K
  class space    used 13595K, committed 14080K, reserved 1048576K
GC Heap History (20 events):
Event: 6.093 GC heap before
{Heap before GC invocations=12 (full 0):
 garbage-first heap   total 96256K, used 79600K [0x000000070ac00000, 0x0000000800000000)
  region size 2048K, 24 young (49152K), 3 survivors (6144K)
 Metaspace       used 42829K, committed 43456K, reserved 1114112K
  class space    used 6008K, committed 6272K, reserved 1048576K
}
Event: 6.097 GC heap after
{Heap after GC invocations=13 (full 0):
 garbage-first heap   total 116736K, used 38978K [0x000000070ac00000, 0x0000000800000000)
  region size 2048K, 2 young (4096K), 2 survivors (4096K)
 Metaspace       used 42829K, committed 43456K, reserved 1114112K
  class space    used 6008K, committed 6272K, reserved 1048576K
}
Event: 7.018 GC heap before
{Heap before GC invocations=13 (full 0):
 garbage-first heap   total 116736K, used 84034K [0x000000070ac00000, 0x0000000800000000)
  region size 2048K, 25 young (51200K), 2 survivors (4096K)
 Metaspace       used 56996K, committed 57728K, reserved 1114112K
  class space    used 7965K, committed 8320K, reserved 1048576K
}
Event: 7.022 GC heap after
{Heap after GC invocations=14 (full 0):
 garbage-first heap   total 116736K, used 42099K [0x000000070ac00000, 0x0000000800000000)
  region size 2048K, 3 young (6144K), 3 survivors (6144K)
 Metaspace       used 56996K, committed 57728K, reserved 1114112K
  class space    used 7965K, committed 8320K, reserved 1048576K
}
Event: 7.934 GC heap before
{Heap before GC invocations=15 (full 0):
 garbage-first heap   total 116736K, used 101491K [0x000000070ac00000, 0x0000000800000000)
  region size 2048K, 32 young (65536K), 3 survivors (6144K)
 Metaspace       used 68133K, committed 68864K, reserved 1114112K
  class space    used 9703K, committed 10048K, reserved 1048576K
}
Event: 7.940 GC heap after
{Heap after GC invocations=16 (full 0):
 garbage-first heap   total 116736K, used 45690K [0x000000070ac00000, 0x0000000800000000)
  region size 2048K, 4 young (8192K), 4 survivors (8192K)
 Metaspace       used 68133K, committed 68864K, reserved 1114112K
  class space    used 9703K, committed 10048K, reserved 1048576K
}
Event: 8.713 GC heap before
{Heap before GC invocations=16 (full 0):
 garbage-first heap   total 116736K, used 103034K [0x000000070ac00000, 0x0000000800000000)
  region size 2048K, 32 young (65536K), 4 survivors (8192K)
 Metaspace       used 75773K, committed 76544K, reserved 1179648K
  class space    used 10995K, committed 11328K, reserved 1048576K
}
Event: 8.720 GC heap after
{Heap after GC invocations=17 (full 0):
 garbage-first heap   total 116736K, used 48493K [0x000000070ac00000, 0x0000000800000000)
  region size 2048K, 4 young (8192K), 4 survivors (8192K)
 Metaspace       used 75773K, committed 76544K, reserved 1179648K
  class space    used 10995K, committed 11328K, reserved 1048576K
}
Event: 9.265 GC heap before
{Heap before GC invocations=17 (full 0):
 garbage-first heap   total 116736K, used 103789K [0x000000070ac00000, 0x0000000800000000)
  region size 2048K, 31 young (63488K), 4 survivors (8192K)
 Metaspace       used 77457K, committed 78208K, reserved 1179648K
  class space    used 11284K, committed 11584K, reserved 1048576K
}
Event: 9.271 GC heap after
{Heap after GC invocations=18 (full 0):
 garbage-first heap   total 116736K, used 51452K [0x000000070ac00000, 0x0000000800000000)
  region size 2048K, 4 young (8192K), 4 survivors (8192K)
 Metaspace       used 77457K, committed 78208K, reserved 1179648K
  class space    used 11284K, committed 11584K, reserved 1048576K
}
Event: 9.854 GC heap before
{Heap before GC invocations=18 (full 0):
 garbage-first heap   total 116736K, used 104700K [0x000000070ac00000, 0x0000000800000000)
  region size 2048K, 30 young (61440K), 4 survivors (8192K)
 Metaspace       used 79829K, committed 80640K, reserved 1179648K
  class space    used 11644K, committed 12032K, reserved 1048576K
}
Event: 9.860 GC heap after
{Heap after GC invocations=19 (full 0):
 garbage-first heap   total 116736K, used 54208K [0x000000070ac00000, 0x0000000800000000)
  region size 2048K, 3 young (6144K), 3 survivors (6144K)
 Metaspace       used 79829K, committed 80640K, reserved 1179648K
  class space    used 11644K, committed 12032K, reserved 1048576K
}
Event: 10.314 GC heap before
{Heap before GC invocations=20 (full 0):
 garbage-first heap   total 116736K, used 105408K [0x000000070ac00000, 0x0000000800000000)
  region size 2048K, 28 young (57344K), 3 survivors (6144K)
 Metaspace       used 80496K, committed 81408K, reserved 1179648K
  class space    used 11812K, committed 12224K, reserved 1048576K
}
Event: 10.319 GC heap after
{Heap after GC invocations=21 (full 0):
 garbage-first heap   total 116736K, used 56441K [0x000000070ac00000, 0x0000000800000000)
  region size 2048K, 3 young (6144K), 3 survivors (6144K)
 Metaspace       used 80496K, committed 81408K, reserved 1179648K
  class space    used 11812K, committed 12224K, reserved 1048576K
}
Event: 10.793 GC heap before
{Heap before GC invocations=21 (full 0):
 garbage-first heap   total 116736K, used 105593K [0x000000070ac00000, 0x0000000800000000)
  region size 2048K, 27 young (55296K), 3 survivors (6144K)
 Metaspace       used 81604K, committed 82496K, reserved 1179648K
  class space    used 12020K, committed 12416K, reserved 1048576K
}
Event: 10.798 GC heap after
{Heap after GC invocations=22 (full 0):
 garbage-first heap   total 116736K, used 57521K [0x000000070ac00000, 0x0000000800000000)
  region size 2048K, 3 young (6144K), 3 survivors (6144K)
 Metaspace       used 81604K, committed 82496K, reserved 1179648K
  class space    used 12020K, committed 12416K, reserved 1048576K
}
Event: 11.247 GC heap before
{Heap before GC invocations=22 (full 0):
 garbage-first heap   total 116736K, used 106673K [0x000000070ac00000, 0x0000000800000000)
  region size 2048K, 27 young (55296K), 3 survivors (6144K)
 Metaspace       used 82830K, committed 83840K, reserved 1179648K
  class space    used 12217K, committed 12672K, reserved 1048576K
}
Event: 11.252 GC heap after
{Heap after GC invocations=23 (full 0):
 garbage-first heap   total 141312K, used 59520K [0x000000070ac00000, 0x0000000800000000)
  region size 2048K, 4 young (8192K), 4 survivors (8192K)
 Metaspace       used 82830K, committed 83840K, reserved 1179648K
  class space    used 12217K, committed 12672K, reserved 1048576K
}
Event: 12.272 GC heap before
{Heap before GC invocations=24 (full 0):
 garbage-first heap   total 141312K, used 129152K [0x000000070ac00000, 0x0000000800000000)
  region size 2048K, 38 young (77824K), 4 survivors (8192K)
 Metaspace       used 89198K, committed 90112K, reserved 1179648K
  class space    used 13157K, committed 13568K, reserved 1048576K
}
Event: 12.279 GC heap after
{Heap after GC invocations=25 (full 0):
 garbage-first heap   total 141312K, used 63106K [0x000000070ac00000, 0x0000000800000000)
  region size 2048K, 4 young (8192K), 4 survivors (8192K)
 Metaspace       used 89198K, committed 90112K, reserved 1179648K
  class space    used 13157K, committed 13568K, reserved 1048576K
}

